13:50:35.719 INFO  --------------------------- 开始编译 --------------------------- 
13:50:35.719 INFO  程序运行目录: D:\work\Three Eastern Provinces 
13:50:35.719 INFO  首次启动! 
13:50:35.719 INFO  生成版本号: mubqe65phke 
13:50:35.733 INFO  清理资源文件夹: D:\work\Three Eastern Provinces\dist\static 
13:50:35.733 INFO  文件夹不存在: D:\work\Three Eastern Provinces\dist\static 
13:50:35.733 INFO  创建文件夹: D:\work\Three Eastern Provinces\dist\static 
13:50:35.733 INFO  读取模板文件: C:\Users\PG\Documents\GitHub\PG\lib\index.html 
13:50:35.734 DEBUG 读取网页标题: 页面 
13:50:35.734 DEBUG 处理页面源信息: [{"http-equiv":"content-type","content":"text/html; charset=UTF-8"},{"name":"viewport","content":"width=device-width, initial-scale=1.0, maximum-scale=1.0, min-cardimum-scale=1.0, user-scalable=no"},{"name":"format-detection","content":"telephone=no, email=no"},{"name":"apple-mobile-web-app-capable","content":"yes"},{"name":"apple-mobile-web-app-status-bar-style","content":"white"},{"name":"renderer","content":"webkit"},{"http-equiv":"X-UA-Compatible","content":"IE=edge,chrome=1"},{"name":"filetype","content":"1"},{"name":"publishedtype","content":"1"},{"name":"pagetype","content":"2"},{"name":"screen-orientation","content":"landscape"},{"name":"x5-orientation","content":"landscape"},{"name":"full-screen","content":"yes"},{"name":"x5-fullscreen","content":"true"},{"name":"browsermode","content":"application"},{"name":"x5-page-mode","content":"app"}] 
13:50:35.734 DEBUG 模块 home 因名称重复被重命名为 home0 
13:50:35.734 INFO  开始处理模块: home 
13:50:36.121 INFO  开始处理模块: topBar 
13:50:36.121 DEBUG 使用文件缓存:D:\work\Three Eastern Provinces\owo_modules\8bee3bb5d56af40cae0d9812234de8f1.owo 
13:50:36.131 DEBUG 缓存模板: topBarundefined 
13:50:36.134 DEBUG 模板home处理用时: 14 毫秒! 
13:50:36.135 DEBUG 模块 swiperBox 因名称重复被重命名为 swiperBox0 
13:50:36.135 INFO  开始处理模块: swiperBox 
13:50:36.135 DEBUG 使用文件缓存:D:\work\Three Eastern Provinces\owo_modules\3bee8d4bf2382a60e4fed798a9c7bc90.owo 
13:50:36.187 DEBUG 缓存模板: swiperBoxundefined 
13:50:36.189 DEBUG 模板home处理用时: 54 毫秒! 
13:50:36.190 DEBUG 模块 copyright 因名称重复被重命名为 copyright0 
13:50:36.190 INFO  开始处理模块: copyright 
13:50:36.190 DEBUG 使用文件缓存:D:\work\Three Eastern Provinces\owo_modules\2d1b1bd77ff86faaf02ea76049d3e007.owo 
13:50:36.192 DEBUG 缓存模板: copyrightundefined 
13:50:36.193 DEBUG 模板home处理用时: 3 毫秒! 
13:50:36.203 DEBUG 缓存模板: home./src/page/home.page 
13:50:36.203 DEBUG 模板home处理用时: 469 毫秒! 
13:50:36.204 INFO  文件夹不存在: D:/work/Three Eastern Provinces/dist/static/resource 
13:50:36.205 INFO  创建文件夹: D:/work/Three Eastern Provinces/dist/static/resource 
13:50:36.206 DEBUG 处理资源: ["D:/work/Three Eastern Provinces/src/resource/one-main.png","D:/work/Three Eastern Provinces/src/resource/title-box.png"] 
13:50:36.206 DEBUG 资源目录: D:/work/Three Eastern Provinces/dist/static/resource 
13:50:36.207 DEBUG css中的资源处理完毕! 
13:50:36.207 DEBUG 使用postcss处理样式，使用了2个插件! 
13:50:36.255 INFO  文件夹不存在: D:\work\Three Eastern Provinces\dist\static\css 
13:50:36.255 INFO  创建文件夹: D:\work\Three Eastern Provinces\dist\static\css 
13:50:36.255 INFO  开始处理附属css中的资源 
13:50:36.255 INFO  附属css中的资源处理完毕! 
13:50:36.255 INFO  开始处理附属css中的资源 
13:50:36.255 INFO  附属css中的资源处理完毕! 
13:50:36.255 INFO  处理字体:{"FZQK.TTF":"综述稿新时代振兴需要创新精神"} 
13:50:36.323 INFO  读取成功: D:\work\Three Eastern Provinces\src\resource\idangerous.swiper2.7.0.css 
13:50:36.324 INFO  读取成功: D:\work\Three Eastern Provinces\src\main.css 
13:50:36.324 DEBUG 处理资源: ["D:/work/Three Eastern Provinces/src/resource/bg.jpg"] 
13:50:36.324 DEBUG 资源目录: D:/work/Three Eastern Provinces/dist/static/resource 
13:50:36.438 INFO  写入文件: D:\work\Three Eastern Provinces\dist\static\css\swiper2.7.0.css 
13:50:36.442 INFO  写入文件: D:\work\Three Eastern Provinces\dist\static\css\main.css 
13:50:43.747 INFO  使用postcss处理完毕! 用时: 7540 毫秒 
13:50:43.747 DEBUG 需要经过特殊处理的css: [["[template=topBar] .title-bar{",".title-bar[template=\"topBar\"]{"],["[template=topBar] div{","div[template=\"topBar\"]{"],["[template=swiperBox] .swiper-box{",".swiper-box[template=\"swiperBox\"]{"],["[template=swiperBox] div{","div[template=\"swiperBox\"]{"],["[template=copyright] .mt30{",".mt30[template=\"copyright\"]{"],["[template=copyright] p{","p[template=\"copyright\"]{"],["[template=home] .home{",".home[template=\"home\"]{"],["[template=home] div{","div[template=\"home\"]{"]] 
13:50:43.748 INFO  正在处理script! 
13:50:43.749 DEBUG 处理资源: ["D:/work/Three Eastern Provinces/src/resource/three-title-min.png","D:/work/Three Eastern Provinces/src/resource/four-title-min.png","D:/work/Three Eastern Provinces/src/resource/five-title-min.png"] 
13:50:43.749 DEBUG 资源目录: D:/work/Three Eastern Provinces/dist/static/resource 
13:50:43.750 INFO  工程中只有一个页面! 
13:50:43.753 INFO  文件夹不存在: D:\work\Three Eastern Provinces\dist\static\js 
13:50:43.753 INFO  创建文件夹: D:\work\Three Eastern Provinces\dist\static\js 
13:50:44.470 INFO  js中的资源处理完毕! 
13:50:44.470 DEBUG 处理引用脚本: [{"name":"swiper2.7.0","src":"./src/resource/idangerous.swiper2.7.0.min.js","resource":true},{"name":"jquery1.11.0","src":"http://tools.people.com.cn/libs/jquery/1.11.1/jquery-1.11.1.min.js"}] 
13:50:44.470 DEBUG 外部脚本数量: 2 
13:50:44.470 DEBUG 处理脚本: swiper2.7.0 
13:50:44.470 INFO  读取文件: D:\work\Three Eastern Provinces\src\resource\idangerous.swiper2.7.0.min.js 
13:50:44.470 DEBUG 处理脚本: jquery1.11.0 
13:50:44.470 DEBUG 网络脚本: jquery1.11.0 
13:50:44.470 DEBUG 输出scriptData 
13:50:44.490 INFO  写文件: D:\work\Three Eastern Provinces\dist\static\css\owo.animate.mubqe65phke.css 
13:50:44.491 DEBUG 准备输出html! 
13:50:44.492 DEBUG 处理资源: ["D:/work/Three Eastern Provinces/src/resource/build.png","D:/work/Three Eastern Provinces/src/resource/mouse.png","D:/work/Three Eastern Provinces/src/resource/message.png","D:/work/Three Eastern Provinces/src/resource/three-title.png","D:/work/Three Eastern Provinces/src/resource/four-title.png","D:/work/Three Eastern Provinces/src/resource/five-title.png","D:/work/Three Eastern Provinces/src/resource/spot.png","D:/work/Three Eastern Provinces/src/resource/silk-ribbon.png"] 
13:50:44.492 DEBUG 资源目录: D:/work/Three Eastern Provinces/dist/static/resource 
13:50:44.493 DEBUG 开始美化html 
13:50:44.523 INFO  写入文件: D:\work\Three Eastern Provinces\dist\static\css\owo.main.mubqe65phke.css 
13:50:44.524 INFO  主要逻辑文件写出成功! 
13:50:44.524 INFO  animation文件写出成功! 
13:50:44.555 INFO  读取成功: D:\work\Three Eastern Provinces\src\resource\idangerous.swiper2.7.0.min.js 
13:50:44.563 INFO  写入文件: D:\work\Three Eastern Provinces\dist\static\js\swiper2.7.0.js 
